<?xml version="1.0" encoding="UTF-8"?>
<testng-results ignored="0" total="1" passed="1" failed="0" skipped="0">
  <reporter-output>
  </reporter-output>
  <suite started-at="2024-07-26T08:24:40 IST" name="Default suite" finished-at="2024-07-26T08:24:48 IST" duration-ms="8206">
    <groups>
    </groups>
    <test started-at="2024-07-26T08:24:40 IST" name="Default test" finished-at="2024-07-26T08:24:48 IST" duration-ms="8206">
      <class name="mypackage.NewTest">
        <test-method signature="f()[pri:0, instance:mypackage.NewTest@2053d869]" started-at="2024-07-26T08:24:40 IST" name="f" finished-at="2024-07-26T08:24:48 IST" duration-ms="8180" status="PASS">
          <reporter-output>
          </reporter-output>
        </test-method> <!-- f -->
      </class> <!-- mypackage.NewTest -->
    </test> <!-- Default test -->
  </suite> <!-- Default suite -->
</testng-results>
